<?xml version="1.0" encoding="UTF-8"?>
<!-- Generated by org.testng.reporters.JUnitReportReporter -->
<testsuite hostname="DESKTOP-K60HUMI" failures="0" tests="1" name="com.saucelabs.testcases.LoginTest" time="9.748" errors="0" timestamp="2023-07-19T22:05:11 IST" skipped="0">
  <testcase classname="com.saucelabs.testcases.LoginTest" name="testlogin" time="9.748"/>
  <system-out/>
</testsuite> <!-- com.saucelabs.testcases.LoginTest -->
